# JRE version: OpenJDK Runtime Environment Temurin-17.0.20.1+1 (17.0.20.1+1) (build 17.0.20.1+1)
# Java VM: OpenJDK 64-Bit Server VM Temurin-17.0.20.1+1 (17.0.20.1+1, mixed mode, sharing, tiered, compressed oops, compressed class ptrs, g1 gc, windows-amd64)
GC Precious Log:
 CPUs: 18 total, 18 available
 Memory: 15836M
 Large Page Support: Disabled
 NUMA Support: Disabled
 Compressed Oops: Enabled (32-bit)
 Heap Region Size: 1M
 Heap Min Capacity: 8M
 Heap Initial Capacity: 248M
 Heap Max Capacity: 2G
 Pre-touch: Disabled
 Parallel Workers: 14
 Concurrent Workers: 4
 Concurrent Refinement Workers: 14
 Periodic GC: Disabled
Heap:
 garbage-first heap   total 108544K, used 63359K [0x0000000080000000, 0x0000000100000000)
  region size 1024K, 3 young (3072K), 3 survivors (3072K)
 Metaspace       used 52789K, committed 53312K, reserved 1114112K
  class space    used 7336K, committed 7616K, reserved 1048576K
GC Heap History (20 events):
Event: 13.024 GC heap after
{Heap after GC invocations=11 (full 0):
 garbage-first heap   total 86016K, used 37294K [0x0000000080000000, 0x0000000100000000)
  region size 1024K, 5 young (5120K), 5 survivors (5120K)
 Metaspace       used 42506K, committed 43008K, reserved 1114112K
  class space    used 6003K, committed 6208K, reserved 1048576K
}
Event: 13.639 GC heap before
{Heap before GC invocations=11 (full 0):
 garbage-first heap   total 86016K, used 66990K [0x0000000080000000, 0x0000000100000000)
  region size 1024K, 35 young (35840K), 5 survivors (5120K)
 Metaspace       used 43676K, committed 44224K, reserved 1114112K
  class space    used 6175K, committed 6464K, reserved 1048576K
}
Event: 13.645 GC heap after
{Heap after GC invocations=12 (full 0):
 garbage-first heap   total 86016K, used 39221K [0x0000000080000000, 0x0000000100000000)
  region size 1024K, 3 young (3072K), 3 survivors (3072K)
 Metaspace       used 43676K, committed 44224K, reserved 1114112K
  class space    used 6175K, committed 6464K, reserved 1048576K
}
Event: 13.764 GC heap before
{Heap before GC invocations=12 (full 0):
 garbage-first heap   total 86016K, used 42293K [0x0000000080000000, 0x0000000100000000)
  region size 1024K, 8 young (8192K), 3 survivors (3072K)
 Metaspace       used 43744K, committed 44288K, reserved 1114112K
  class space    used 6183K, committed 6464K, reserved 1048576K
}
Event: 13.767 GC heap after
{Heap after GC invocations=13 (full 0):
 garbage-first heap   total 86016K, used 38931K [0x0000000080000000, 0x0000000100000000)
  region size 1024K, 2 young (2048K), 2 survivors (2048K)
 Metaspace       used 43744K, committed 44288K, reserved 1114112K
  class space    used 6183K, committed 6464K, reserved 1048576K
}
Event: 13.781 GC heap before
{Heap before GC invocations=13 (full 0):
 garbage-first heap   total 86016K, used 39955K [0x0000000080000000, 0x0000000100000000)
  region size 1024K, 3 young (3072K), 2 survivors (2048K)
 Metaspace       used 43744K, committed 44288K, reserved 1114112K
  class space    used 6183K, committed 6464K, reserved 1048576K
}
Event: 13.786 GC heap after
{Heap after GC invocations=14 (full 0):
 garbage-first heap   total 86016K, used 40147K [0x0000000080000000, 0x0000000100000000)
  region size 1024K, 2 young (2048K), 2 survivors (2048K)
 Metaspace       used 43744K, committed 44288K, reserved 1114112K
  class space    used 6183K, committed 6464K, reserved 1048576K
}
Event: 14.642 GC heap before
{Heap before GC invocations=15 (full 0):
 garbage-first heap   total 86016K, used 78035K [0x0000000080000000, 0x0000000100000000)
  region size 1024K, 28 young (28672K), 2 survivors (2048K)
 Metaspace       used 45213K, committed 45760K, reserved 1114112K
  class space    used 6398K, committed 6656K, reserved 1048576K
}
Event: 14.649 GC heap after
{Heap after GC invocations=16 (full 0):
 garbage-first heap   total 108544K, used 59572K [0x0000000080000000, 0x0000000100000000)
  region size 1024K, 4 young (4096K), 4 survivors (4096K)
 Metaspace       used 45213K, committed 45760K, reserved 1114112K
  class space    used 6398K, committed 6656K, reserved 1048576K
}
Event: 14.683 GC heap before
{Heap before GC invocations=16 (full 0):
 garbage-first heap   total 108544K, used 60596K [0x0000000080000000, 0x0000000100000000)
  region size 1024K, 5 young (5120K), 4 survivors (4096K)
 Metaspace       used 45289K, committed 45824K, reserved 1114112K
  class space    used 6402K, committed 6656K, reserved 1048576K
}
Event: 14.687 GC heap after
{Heap after GC invocations=17 (full 0):
 garbage-first heap   total 108544K, used 59346K [0x0000000080000000, 0x0000000100000000)
  region size 1024K, 1 young (1024K), 1 survivors (1024K)
 Metaspace       used 45289K, committed 45824K, reserved 1114112K
  class space    used 6402K, committed 6656K, reserved 1048576K
}
Event: 14.695 GC heap before
{Heap before GC invocations=17 (full 0):
 garbage-first heap   total 108544K, used 59346K [0x0000000080000000, 0x0000000100000000)
  region size 1024K, 2 young (2048K), 1 survivors (1024K)
 Metaspace       used 45317K, committed 45888K, reserved 1114112K
  class space    used 6404K, committed 6656K, reserved 1048576K
}
Event: 14.696 GC heap after
{Heap after GC invocations=18 (full 0):
 garbage-first heap   total 108544K, used 59303K [0x0000000080000000, 0x0000000100000000)
  region size 1024K, 1 young (1024K), 1 survivors (1024K)
 Metaspace       used 45317K, committed 45888K, reserved 1114112K
  class space    used 6404K, committed 6656K, reserved 1048576K
}
Event: 15.125 GC heap before
{Heap before GC invocations=19 (full 0):
 garbage-first heap   total 108544K, used 85927K [0x0000000080000000, 0x0000000100000000)
  region size 1024K, 27 young (27648K), 1 survivors (1024K)
 Metaspace       used 47751K, committed 48320K, reserved 1114112K
  class space    used 6687K, committed 6976K, reserved 1048576K
}
Event: 15.128 GC heap after
{Heap after GC invocations=20 (full 0):
 garbage-first heap   total 108544K, used 61236K [0x0000000080000000, 0x0000000100000000)
  region size 1024K, 1 young (1024K), 1 survivors (1024K)
 Metaspace       used 47751K, committed 48320K, reserved 1114112K
  class space    used 6687K, committed 6976K, reserved 1048576K
}
Event: 15.171 GC heap before
{Heap before GC invocations=20 (full 0):
 garbage-first heap   total 108544K, used 64308K [0x0000000080000000, 0x0000000100000000)
  region size 1024K, 5 young (5120K), 1 survivors (1024K)
 Metaspace       used 48284K, committed 48832K, reserved 1114112K
  class space    used 6729K, committed 7040K, reserved 1048576K
}
Event: 15.175 GC heap after
{Heap after GC invocations=21 (full 0):
 garbage-first heap   total 108544K, used 60824K [0x0000000080000000, 0x0000000100000000)
  region size 1024K, 1 young (1024K), 1 survivors (1024K)
 Metaspace       used 48284K, committed 48832K, reserved 1114112K
  class space    used 6729K, committed 7040K, reserved 1048576K
}
Event: 15.853 GC heap before
{Heap before GC invocations=21 (full 0):
 garbage-first heap   total 108544K, used 85400K [0x0000000080000000, 0x0000000100000000)
  region size 1024K, 26 young (26624K), 1 survivors (1024K)
 Metaspace       used 50900K, committed 51456K, reserved 1114112K
  class space    used 7109K, committed 7360K, reserved 1048576K
}
Event: 15.855 GC heap after
{Heap after GC invocations=22 (full 0):
 garbage-first heap   total 108544K, used 61593K [0x0000000080000000, 0x0000000100000000)
  region size 1024K, 1 young (1024K), 1 survivors (1024K)
 Metaspace       used 50900K, committed 51456K, reserved 1114112K
  class space    used 7109K, committed 7360K, reserved 1048576K
}
Event: 16.138 GC heap before
{Heap before GC invocations=23 (full 0):
 garbage-first heap   total 108544K, used 73881K [0x0000000080000000, 0x0000000100000000)
  region size 1024K, 14 young (14336K), 1 survivors (1024K)
 Metaspace       used 52789K, committed 53312K, reserved 1114112K
  class space    used 7336K, committed 7616K, reserved 1048576K
}

